<?xml version="1.0" encoding="UTF-8"?>
<!-- Generated by org.testng.reporters.JUnitReportReporter -->
<testsuite hostname="DESKTOP-BPSCNG9" failures="0" tests="6" name="HeaderSectionTest" time="61.833" errors="0" timestamp="2023-11-30T11:56:37 IST" skipped="0">
  <testcase classname="HeaderSectionTest" name="wibsiteLogo" time="19.285"/>
  <testcase classname="HeaderSectionTest" name="navBarHome" time="4.470"/>
  <testcase classname="HeaderSectionTest" name="navBarPopular" time="11.595"/>
  <testcase classname="HeaderSectionTest" name="homeSection" time="9.081"/>
  <testcase classname="HeaderSectionTest" name="accountSection" time="12.462"/>
  <testcase classname="HeaderSectionTest" name="PopularSection" time="4.940"/>
</testsuite> <!-- HeaderSectionTest -->
