<?xml version="1.0" encoding="UTF-8"?>
<!-- Generated by org.testng.reporters.JUnitReportReporter -->
<testsuite hostname="DESKTOP-BPSCNG9" failures="0" tests="1" name="PopularPageTest" time="24.939" errors="0" timestamp="2023-11-30T11:56:37 IST" skipped="0">
  <testcase classname="PopularPageTest" name="popularMoviesPage" time="24.939"/>
</testsuite> <!-- PopularPageTest -->
