<?xml version="1.0" encoding="UTF-8"?>
<!-- Generated by org.testng.reporters.JUnitReportReporter -->
<testsuite hostname="DESKTOP-BPSCNG9" failures="0" tests="2" name="MovieDetailsPageTest" time="42.094" errors="0" timestamp="2023-11-30T11:56:37 IST" skipped="0">
  <testcase classname="MovieDetailsPageTest" name="homePageClick" time="25.048"/>
  <testcase classname="MovieDetailsPageTest" name="popularPageClick" time="17.046"/>
</testsuite> <!-- MovieDetailsPageTest -->
