<?xml version="1.0" encoding="UTF-8"?>
<!-- Generated by org.testng.reporters.JUnitReportReporter -->
<testsuite hostname="DESKTOP-BPSCNG9" failures="0" tests="11" name="LoginPageTest" time="74.457" errors="0" timestamp="2023-11-30T11:56:37 IST" skipped="0">
  <testcase classname="LoginPageTest" name="logoIsDisplayed" time="3.680"/>
  <testcase classname="LoginPageTest" name="loginText" time="12.223"/>
  <testcase classname="LoginPageTest" name="usernameText" time="4.100"/>
  <testcase classname="LoginPageTest" name="passwordText" time="4.095"/>
  <testcase classname="LoginPageTest" name="buttonText" time="4.967"/>
  <testcase classname="LoginPageTest" name="emptyInputField" time="4.187"/>
  <testcase classname="LoginPageTest" name="emptyUsername" time="3.903"/>
  <testcase classname="LoginPageTest" name="emptyPassword" time="4.714"/>
  <testcase classname="LoginPageTest" name="invalidCredentials1" time="23.833"/>
  <testcase classname="LoginPageTest" name="invalidCredentials2" time="5.051"/>
  <testcase classname="LoginPageTest" name="validCredential" time="3.704"/>
</testsuite> <!-- LoginPageTest -->
