<?xml version="1.0" encoding="UTF-8"?>
<!-- Generated by org.testng.reporters.JUnitReportReporter -->
<testsuite hostname="DESKTOP-BPSCNG9" failures="0" tests="1" name="SearchPageTest" time="39.592" errors="0" timestamp="2023-11-30T11:56:37 IST" skipped="0">
  <testcase classname="SearchPageTest" name="SearchFunctionality" time="39.592"/>
</testsuite> <!-- SearchPageTest -->
