<?xml version="1.0" encoding="UTF-8"?>
<!-- Generated by org.testng.reporters.JUnitReportReporter -->
<testsuite hostname="DESKTOP-BPSCNG9" failures="0" tests="4" name="HomePageTest" time="46.060" errors="0" timestamp="2023-11-30T11:56:37 IST" skipped="0">
  <testcase classname="HomePageTest" name="movieHeadingText" time="8.147"/>
  <testcase classname="HomePageTest" name="playButton" time="7.152"/>
  <testcase classname="HomePageTest" name="movieSection" time="10.181"/>
  <testcase classname="HomePageTest" name="contectSection" time="20.580"/>
</testsuite> <!-- HomePageTest -->
