<?xml version="1.0" encoding="UTF-8"?>
<!-- Generated by org.testng.reporters.JUnitReportReporter -->
<testsuite hostname="DESKTOP-BPSCNG9" failures="0" tests="2" name="AccountPageTest" time="38.328" errors="0" timestamp="2023-11-30T11:56:37 IST" skipped="0">
  <testcase classname="AccountPageTest" name="accountPage" time="15.291"/>
  <testcase classname="AccountPageTest" name="logoutFunctionality" time="23.037"/>
</testsuite> <!-- AccountPageTest -->
